#
# There is insufficient memory for the Java Runtime Environment to continue.
# Native memory allocation (mmap) failed to map 4294967296 bytes for G1 virtual space
# Possible reasons:
#   The system is out of physical RAM or swap space
#   The process is running with CompressedOops enabled, and the Java Heap may be blocking the growth of the native heap
# Possible solutions:
#   Reduce memory load on the system
#   Increase physical memory or swap space
#   Check if swap backing store is full
#   Decrease Java heap size (-Xmx/-Xms)
#   Decrease number of Java threads
#   Decrease Java thread stack sizes (-Xss)
#   Set larger code cache with -XX:ReservedCodeCacheSize=
#   JVM is running with Zero Based Compressed Oops mode in which the Java heap is
#     placed in the first 32GB address space. The Java Heap base address is the
#     maximum limit for the native heap growth. Please use -XX:HeapBaseMinAddress
#     to set the Java Heap base and to place the Java Heap above 32GB virtual address.
# This output file may be truncated or incomplete.
#
#  Out of Memory Error (os_windows.cpp:3469), pid=35036, tid=16796
#
# JRE version:  (17.0+35) (build )
# Java VM: Java HotSpot(TM) 64-Bit Server VM (17+35-LTS-2724, mixed mode, sharing, tiered, compressed oops, compressed class ptrs, g1 gc, windows-amd64)
# No core dump will be written. Minidumps are not enabled by default on client versions of Windows
#

---------------  S U M M A R Y ------------

Command Line: -Xmx64m -Xms64m -Dorg.gradle.appname=gradlew -Xms4G -Xmx4G org.gradle.wrapper.GradleWrapperMain --status --quiet

Host: Intel(R) Core(TM) i7-9700F CPU @ 3.00GHz, 8 cores, 31G,  Windows 10 , 64 bit Build 19041 (10.0.19041.1466)
Time: Thu Jan 27 19:38:20 2022 Central Standard Time elapsed time: 2.082835 seconds (0d 0h 0m 2s)

---------------  T H R E A D  ---------------

Current thread (0x00000138fc2d2020):  JavaThread "Unknown thread" [_thread_in_vm, id=16796, stack(0x0000000100600000,0x0000000100700000)]

Stack: [0x0000000100600000,0x0000000100700000]
Native frames: (J=compiled Java code, j=interpreted, Vv=VM code, C=native code)
V  [jvm.dll+0x66f8ea]
V  [jvm.dll+0x7ce224]
V  [jvm.dll+0x7cf9ce]
V  [jvm.dll+0x7d0033]
V  [jvm.dll+0x242bb5]
V  [jvm.dll+0x66c909]
V  [jvm.dll+0x6613d2]
V  [jvm.dll+0x30082b]
V  [jvm.dll+0x307db6]
V  [jvm.dll+0x357a0e]
V  [jvm.dll+0x357c3f]
V  [jvm.dll+0x2d7ae8]
V  [jvm.dll+0x2d8a54]
V  [jvm.dll+0x7a00a1]
V  [jvm.dll+0x365781]
V  [jvm.dll+0x77f59c]
V  [jvm.dll+0x3e805f]
V  [jvm.dll+0x3e9b01]
C  [jli.dll+0x527b]
C  [ucrtbase.dll+0x21bb2]
C  [KERNEL32.DLL+0x17034]
C  [ntdll.dll+0x52651]


---------------  P R O C E S S  ---------------

Threads class SMR info:
_java_thread_list=0x00007fff886c7818, length=0, elements={
}

Java Threads: ( => current thread )

Other Threads:
  0x00000138fc321b40 GCTaskThread "GC Thread#0" [stack: 0x0000000100700000,0x0000000100800000] [id=15940]
  0x00000138fc333a90 ConcurrentGCThread "G1 Main Marker" [stack: 0x0000000100800000,0x0000000100900000] [id=28876]
  0x00000138fc334c40 ConcurrentGCThread "G1 Conc#0" [stack: 0x0000000100900000,0x0000000100a00000] [id=12384]

[error occurred during error reporting (printing all threads), id 0xc0000005, EXCEPTION_ACCESS_VIOLATION (0xc0000005) at pc=0x00007fff87f184c7]

VM state: not at safepoint (not fully initialized)

VM Mutex/Monitor currently owned by a thread:  ([mutex/lock_event])
[0x00000138fc2cd760] Heap_lock - owner thread: 0x00000138fc2d2020

Heap address: 0x0000000700000000, size: 4096 MB, Compressed Oops mode: Zero based, Oop shift amount: 3

CDS archive(s) mapped at: [0x0000000000000000-0x0000000000000000-0x0000000000000000), size 0, SharedBaseAddress: 0x0000000800000000, ArchiveRelocationMode: 0.
Narrow klass base: 0x0000000000000000, Narrow klass shift: 0, Narrow klass range: 0x0

GC Precious Log:
<Empty>

Heap:
 garbage-first heap   total 0K, used 0K [0x0000000700000000, 0x0000000800000000)
  region size 2048K, 0 young (0K), 0 survivors (0K)

[error occurred during error reporting (printing heap information), id 0xc0000005, EXCEPTION_ACCESS_VIOLATION (0xc0000005) at pc=0x00007fff882f8c59]

GC Heap History (0 events):
No events

Deoptimization events (0 events):
No events

Classes unloaded (0 events):
No events

Classes redefined (0 events):
No events

Internal exceptions (0 events):
No events

VM Operations (0 events):
No events

Events (1 events):
Event: 0.049 Loaded shared library C:\Program Files\Java\jdk-17\bin\java.dll


Dynamic libraries:
0x00007ff6c9340000 - 0x00007ff6c9350000 	C:\Program Files\Java\jdk-17\bin\java.exe
0x00007fffe4c30000 - 0x00007fffe4e25000 	C:\WINDOWS\SYSTEM32\ntdll.dll
0x00007fffe3080000 - 0x00007fffe313e000 	C:\WINDOWS\System32\KERNEL32.DLL
0x00007fffe23d0000 - 0x00007fffe2698000 	C:\WINDOWS\System32\KERNELBASE.dll
0x00007fffe2b40000 - 0x00007fffe2c40000 	C:\WINDOWS\System32\ucrtbase.dll
0x00007fffd8cb0000 - 0x00007fffd8cc8000 	C:\Program Files\Java\jdk-17\bin\jli.dll
0x00007fffd8c70000 - 0x00007fffd8c8a000 	C:\Program Files\Java\jdk-17\bin\VCRUNTIME140.dll
0x00007fffe3610000 - 0x00007fffe36be000 	C:\WINDOWS\System32\ADVAPI32.dll
0x00007fffe3170000 - 0x00007fffe320e000 	C:\WINDOWS\System32\msvcrt.dll
0x00007fffe3e20000 - 0x00007fffe3ebc000 	C:\WINDOWS\System32\sechost.dll
0x00007fffe3ec0000 - 0x00007fffe3fe5000 	C:\WINDOWS\System32\RPCRT4.dll
0x00007fffe33f0000 - 0x00007fffe3591000 	C:\WINDOWS\System32\USER32.dll
0x00007fffe2860000 - 0x00007fffe2882000 	C:\WINDOWS\System32\win32u.dll
0x00007fffcfa80000 - 0x00007fffcfd1a000 	C:\WINDOWS\WinSxS\amd64_microsoft.windows.common-controls_6595b64144ccf1df_6.0.19041.1110_none_60b5254171f9507e\COMCTL32.dll
0x00007fffe4bc0000 - 0x00007fffe4beb000 	C:\WINDOWS\System32\GDI32.dll
0x00007fffe2750000 - 0x00007fffe285d000 	C:\WINDOWS\System32\gdi32full.dll
0x00007fffe2890000 - 0x00007fffe292d000 	C:\WINDOWS\System32\msvcp_win.dll
0x00007fffdb760000 - 0x00007fffdb76a000 	C:\WINDOWS\SYSTEM32\VERSION.dll
0x00007fffe3140000 - 0x00007fffe3170000 	C:\WINDOWS\System32\IMM32.DLL
0x00007fffde1c0000 - 0x00007fffde1cc000 	C:\Program Files\Java\jdk-17\bin\vcruntime140_1.dll
0x00007fffc5cd0000 - 0x00007fffc5d5d000 	C:\Program Files\Java\jdk-17\bin\msvcp140.dll
0x00007fff87c30000 - 0x00007fff887ee000 	C:\Program Files\Java\jdk-17\bin\server\jvm.dll
0x00007fffe3c50000 - 0x00007fffe3c58000 	C:\WINDOWS\System32\PSAPI.DLL
0x00007fffd4200000 - 0x00007fffd4227000 	C:\WINDOWS\SYSTEM32\WINMM.dll
0x00007fffd2cc0000 - 0x00007fffd2cc9000 	C:\WINDOWS\SYSTEM32\WSOCK32.dll
0x00007fffe35a0000 - 0x00007fffe360b000 	C:\WINDOWS\System32\WS2_32.dll
0x00007fffe0130000 - 0x00007fffe0142000 	C:\WINDOWS\SYSTEM32\kernel.appcore.dll
0x00007fffdde10000 - 0x00007fffdde1a000 	C:\Program Files\Java\jdk-17\bin\jimage.dll
0x00007fffda640000 - 0x00007fffda824000 	C:\WINDOWS\SYSTEM32\DBGHELP.DLL
0x00007fffda200000 - 0x00007fffda22c000 	C:\WINDOWS\SYSTEM32\dbgcore.DLL
0x00007fffe2340000 - 0x00007fffe23c2000 	C:\WINDOWS\System32\bcryptPrimitives.dll
0x00007fffd7f10000 - 0x00007fffd7f35000 	C:\Program Files\Java\jdk-17\bin\java.dll

dbghelp: loaded successfully - version: 4.0.5 - missing functions: none
symbol engine: initialized successfully - sym options: 0x614 - pdb path: .;C:\Program Files\Java\jdk-17\bin;C:\WINDOWS\SYSTEM32;C:\WINDOWS\WinSxS\amd64_microsoft.windows.common-controls_6595b64144ccf1df_6.0.19041.1110_none_60b5254171f9507e;C:\Program Files\Java\jdk-17\bin\server

VM Arguments:
jvm_args: -Xmx64m -Xms64m -Dorg.gradle.appname=gradlew -Xms4G -Xmx4G 
java_command: org.gradle.wrapper.GradleWrapperMain --status --quiet
java_class_path (initial): c:\Users\josia\fabric-get-current-song\\gradle\wrapper\gradle-wrapper.jar
Launcher Type: SUN_STANDARD

[Global flags]
     intx CICompilerCount                          = 4                                         {product} {ergonomic}
     uint ConcGCThreads                            = 2                                         {product} {ergonomic}
     uint G1ConcRefinementThreads                  = 8                                         {product} {ergonomic}
   size_t G1HeapRegionSize                         = 2097152                                   {product} {ergonomic}
    uintx GCDrainStackTargetSize                   = 64                                        {product} {ergonomic}
   size_t InitialHeapSize                          = 4294967296                                {product} {command line}
   size_t MarkStackSize                            = 4194304                                   {product} {ergonomic}
   size_t MaxHeapSize                              = 4294967296                                {product} {command line}
   size_t MinHeapDeltaBytes                        = 2097152                                   {product} {ergonomic}
   size_t MinHeapSize                              = 4294967296                                {product} {command line}
    uintx NonNMethodCodeHeapSize                   = 5839372                                {pd product} {ergonomic}
    uintx NonProfiledCodeHeapSize                  = 122909434                              {pd product} {ergonomic}
    uintx ProfiledCodeHeapSize                     = 122909434                              {pd product} {ergonomic}
    uintx ReservedCodeCacheSize                    = 251658240                              {pd product} {ergonomic}
     bool SegmentedCodeCache                       = true                                      {product} {ergonomic}
   size_t SoftMaxHeapSize                          = 4294967296                             {manageable} {ergonomic}
     bool UseCompressedClassPointers               = true                           {product lp64_product} {ergonomic}
     bool UseCompressedOops                        = true                           {product lp64_product} {ergonomic}
     bool UseG1GC                                  = true                                      {product} {ergonomic}
     bool UseLargePagesIndividualAllocation        = false                                  {pd product} {ergonomic}

Logging:
Log output configuration:
 #0: stdout all=warning uptime,level,tags
 #1: stderr all=off uptime,level,tags

Environment Variables:
JAVA_HOME=C:\Program Files\Java\jdk-17
_JAVA_OPTIONS=-Xms4G -Xmx4G
CLASSPATH=c:\Users\josia\fabric-get-current-song\\gradle\wrapper\gradle-wrapper.jar
PATH=C:\Program Files\Common Files\Oracle\Java\javapath;C:\Program Files (x86)\Common Files\Oracle\Java\javapath;C:\Batch;C:\Utils;C:\Program Files\Oculus\Support\oculus-runtime;C:\Python39\Scripts\;C:\Python39\;C:\Windows\system32;C:\Windows;C:\Windows\System32\Wbem;C:\Windows\System32\WindowsPowerShell\v1.0\;C:\Windows\System32\OpenSSH\;C:\Program Files (x86)\NVIDIA Corporation\PhysX\Common;C:\WINDOWS\system32;C:\WINDOWS;C:\WINDOWS\System32\Wbem;C:\WINDOWS\System32\WindowsPowerShell\v1.0\;C:\WINDOWS\System32\OpenSSH\;C:\Program Files\Git\cmd;C:\Program Files\Git\mingw64\bin;C:\Program Files\Git\usr\bin;C:\Program Files\dotnet\;C:\Program Files\nodejs\;C:\ProgramData\chocolatey\bin;C:\Program Files (x86)\Wiimm\WIT;C:\Program Files (x86)\Wiimm\SZS;C:\Program Files\Java\jdk-14.0.2\bin;C:\Apps\apache-ant-1.9.15\bin;C:\Users\josia\AppData\Local\MEGAcmd;C:\Program Files\mingw-w64\x86_64-8.1.0-posix-seh-rt_v6-rev0\mingw64\bin;C:\Python38\Scripts;C:\Python38;C:\Program Files\Graphviz\bin;C:\Program Files\Docker\Docker\resources\bin;C:\ProgramData\DockerDesktop\version-bin;C:\Apps\pypy-c-jit-101984-1a93b425dc11-win64;C:\Apps\apache-maven-3.8.1\bin;C:\Apps\ffmpeg-N-102186-g8b83a4a885-win64-lgpl-shared\bin;C:\Program Files\PuTTY\;C:\Program Files\7-Zip;C:\Apps\kotlinc\bin;C:\Apps\swigwin-4.0.2;C:\Apps\proguard-7.2.0\bin;C:\Apps\glslang-master-windows-x64-Release\bin;C:\Apps\GeneratorFabricMod\bin;C:\Users\josia\AppData\Local\Microsoft\WindowsApps;C:\Users\josia\AppData\Local\GitHubDesktop\bin;C:\Users\josia\AppData\Local\Programs\Microsoft VS Code\bin;C:\Users\josia\.dotnet\tools;C:\Users\josia\AppData\Roaming\npm;C:\Program Files (x86)\Wiimm\WIT;C:\Program Files (x86)\Wiimm\SZS
USERNAME=josia
OS=Windows_NT
PROCESSOR_IDENTIFIER=Intel64 Family 6 Model 158 Stepping 13, GenuineIntel



---------------  S Y S T E M  ---------------

OS:
 Windows 10 , 64 bit Build 19041 (10.0.19041.1466)
OS uptime: 14 days 18:18 hours
Hyper-V role detected

CPU: total 8 (initial active 8) (8 cores per cpu, 1 threads per core) family 6 model 158 stepping 13 microcode 0xb4, cx8, cmov, fxsr, mmx, 3dnowpref, sse, sse2, sse3, ssse3, sse4.1, sse4.2, popcnt, lzcnt, tsc, tscinvbit, avx, avx2, aes, erms, clmul, bmi1, bmi2, rtm, adx, fma, vzeroupper, clflush, clflushopt, hv

Memory: 4k page, system-wide physical 32696M (18175M free)
TotalPageFile size 59552M (AvailPageFile size 1275M)
current process WorkingSet (physical memory assigned to process): 10M, peak: 10M
current process commit charge ("private bytes"): 60M, peak: 4156M

vm_info: Java HotSpot(TM) 64-Bit Server VM (17+35-LTS-2724) for windows-amd64 JRE (17+35-LTS-2724), built on Aug  5 2021 23:28:28 by "mach5one" with MS VC++ 16.8 (VS2019)

END.
